This file contains any messages produced by compilers while
running configure, to aid debugging if configure makes a mistake.

It was created by GeographicLib configure 1.44, which was
generated by GNU Autoconf 2.69.  Invocation command line was

  $ ./configure 

## --------- ##
## Platform. ##
## --------- ##

hostname = ubuntu
uname -m = x86_64
uname -r = 5.4.0-104-generic
uname -s = Linux
uname -v = #118~18.04.1-Ubuntu SMP Thu Mar 3 13:53:15 UTC 2022

/usr/bin/uname -p = unknown
/bin/uname -X     = unknown

/bin/arch              = unknown
/usr/bin/arch -k       = unknown
/usr/convex/getsysinfo = unknown
/usr/bin/hostinfo      = unknown
/bin/machine           = unknown
/usr/bin/oslevel       = unknown
/bin/universe          = unknown

PATH: /usr/local/sbin
PATH: /usr/local/bin
PATH: /usr/sbin
PATH: /usr/bin
PATH: /sbin
PATH: /bin
PATH: /usr/games
PATH: /usr/local/games
PATH: /snap/bin


## ----------- ##
## Core tests. ##
## ----------- ##

configure:2350: checking build system type
configure:2364: result: x86_64-unknown-linux-gnu
configure:2384: checking host system type
configure:2397: result: x86_64-unknown-linux-gnu
configure:2417: checking target system type
configure:2430: result: x86_64-unknown-linux-gnu
configure:2476: checking for a BSD-compatible install
configure:2544: result: /usr/bin/install -c
configure:2555: checking whether build environment is sane
configure:2610: result: yes
configure:2761: checking for a thread-safe mkdir -p
configure:2800: result: /bin/mkdir -p
configure:2807: checking for gawk
configure:2837: result: no
configure:2807: checking for mawk
configure:2823: found /usr/bin/mawk
configure:2834: result: mawk
configure:2845: checking whether make sets $(MAKE)
configure:2867: result: yes
configure:2896: checking whether make supports nested variables
configure:2913: result: yes
configure:3062: checking whether to enable maintainer-specific portions of Makefiles
configure:3071: result: no
configure:3108: checking for style of include used by make
configure:3136: result: GNU
configure:3207: checking for gcc
configure:3223: found /usr/bin/gcc
configure:3234: result: gcc
configure:3463: checking for C compiler version
configure:3472: gcc --version >&5
gcc (Ubuntu 7.5.0-3ubuntu1~18.04) 7.5.0
Copyright (C) 2017 Free Software Foundation, Inc.
This is free software; see the source for copying conditions.  There is NO
warranty; not even for MERCHANTABILITY or FITNESS FOR A PARTICULAR PURPOSE.

configure:3483: $? = 0
configure:3472: gcc -v >&5
Using built-in specs.
COLLECT_GCC=gcc
COLLECT_LTO_WRAPPER=/usr/lib/gcc/x86_64-linux-gnu/7/lto-wrapper
OFFLOAD_TARGET_NAMES=nvptx-none
OFFLOAD_TARGET_DEFAULT=1
Target: x86_64-linux-gnu
Configured with: ../src/configure -v --with-pkgversion='Ubuntu 7.5.0-3ubuntu1~18.04' --with-bugurl=file:///usr/share/doc/gcc-7/README.Bugs --enable-languages=c,ada,c++,go,brig,d,fortran,objc,obj-c++ --prefix=/usr --with-gcc-major-version-only --program-suffix=-7 --program-prefix=x86_64-linux-gnu- --enable-shared --enable-linker-build-id --libexecdir=/usr/lib --without-included-gettext --enable-threads=posix --libdir=/usr/lib --enable-nls --enable-bootstrap --enable-clocale=gnu --enable-libstdcxx-debug --enable-libstdcxx-time=yes --with-default-libstdcxx-abi=new --enable-gnu-unique-object --disable-vtable-verify --enable-libmpx --enable-plugin --enable-default-pie --with-system-zlib --with-target-system-zlib --enable-objc-gc=auto --enable-multiarch --disable-werror --with-arch-32=i686 --with-abi=m64 --with-multilib-list=m32,m64,mx32 --enable-multilib --with-tune=generic --enable-offload-targets=nvptx-none --without-cuda-driver --enable-checking=release --build=x86_64-linux-gnu --host=x86_64-linux-gnu --target=x86_64-linux-gnu
Thread model: posix
gcc version 7.5.0 (Ubuntu 7.5.0-3ubuntu1~18.04) 
configure:3483: $? = 0
configure:3472: gcc -V >&5
gcc: error: unrecognized command line option '-V'
gcc: fatal error: no input files
compilation terminated.
configure:3483: $? = 1
configure:3472: gcc -qversion >&5
gcc: error: unrecognized command line option '-qversion'; did you mean '--version'?
gcc: fatal error: no input files
compilation terminated.
configure:3483: $? = 1
configure:3503: checking whether the C compiler works
configure:3525: gcc    conftest.c  >&5
configure:3529: $? = 0
configure:3577: result: yes
configure:3580: checking for C compiler default output file name
configure:3582: result: a.out
configure:3588: checking for suffix of executables
configure:3595: gcc -o conftest    conftest.c  >&5
configure:3599: $? = 0
configure:3621: result: 
configure:3643: checking whether we are cross compiling
configure:3651: gcc -o conftest    conftest.c  >&5
configure:3655: $? = 0
configure:3662: ./conftest
configure:3666: $? = 0
configure:3681: result: no
configure:3686: checking for suffix of object files
configure:3708: gcc -c   conftest.c >&5
configure:3712: $? = 0
configure:3733: result: o
configure:3737: checking whether we are using the GNU C compiler
configure:3756: gcc -c   conftest.c >&5
configure:3756: $? = 0
configure:3765: result: yes
configure:3774: checking whether gcc accepts -g
configure:3794: gcc -c -g  conftest.c >&5
configure:3794: $? = 0
configure:3835: result: yes
configure:3852: checking for gcc option to accept ISO C89
configure:3915: gcc  -c -g -O2  conftest.c >&5
configure:3915: $? = 0
configure:3928: result: none needed
configure:3953: checking whether gcc understands -c and -o together
configure:3975: gcc -c conftest.c -o conftest2.o
configure:3978: $? = 0
configure:3975: gcc -c conftest.c -o conftest2.o
configure:3978: $? = 0
configure:3990: result: yes
configure:4009: checking dependency style of gcc
configure:4120: result: gcc3
configure:4140: checking how to run the C preprocessor
configure:4171: gcc -E  conftest.c
configure:4171: $? = 0
configure:4185: gcc -E  conftest.c
conftest.c:14:10: fatal error: ac_nonexistent.h: No such file or directory
 #include <ac_nonexistent.h>
          ^~~~~~~~~~~~~~~~~~
compilation terminated.
configure:4185: $? = 1
configure: failed program was:
| /* confdefs.h */
| #define PACKAGE_NAME "GeographicLib"
| #define PACKAGE_TARNAME "geographiclib"
| #define PACKAGE_VERSION "1.44"
| #define PACKAGE_STRING "GeographicLib 1.44"
| #define PACKAGE_BUGREPORT "charles@karney.com"
| #define PACKAGE_URL ""
| #define PACKAGE "geographiclib"
| #define VERSION "1.44"
| #define GEOGRAPHICLIB_VERSION_MAJOR 1
| #define GEOGRAPHICLIB_VERSION_MINOR 44
| #define GEOGRAPHICLIB_VERSION_PATCH 0
| /* end confdefs.h.  */
| #include <ac_nonexistent.h>
configure:4210: result: gcc -E
configure:4230: gcc -E  conftest.c
configure:4230: $? = 0
configure:4244: gcc -E  conftest.c
conftest.c:14:10: fatal error: ac_nonexistent.h: No such file or directory
 #include <ac_nonexistent.h>
          ^~~~~~~~~~~~~~~~~~
compilation terminated.
configure:4244: $? = 1
configure: failed program was:
| /* confdefs.h */
| #define PACKAGE_NAME "GeographicLib"
| #define PACKAGE_TARNAME "geographiclib"
| #define PACKAGE_VERSION "1.44"
| #define PACKAGE_STRING "GeographicLib 1.44"
| #define PACKAGE_BUGREPORT "charles@karney.com"
| #define PACKAGE_URL ""
| #define PACKAGE "geographiclib"
| #define VERSION "1.44"
| #define GEOGRAPHICLIB_VERSION_MAJOR 1
| #define GEOGRAPHICLIB_VERSION_MINOR 44
| #define GEOGRAPHICLIB_VERSION_PATCH 0
| /* end confdefs.h.  */
| #include <ac_nonexistent.h>
configure:4272: checking whether make sets $(MAKE)
configure:4294: result: yes
configure:4362: checking for g++
configure:4378: found /usr/bin/g++
configure:4389: result: g++
configure:4416: checking for C++ compiler version
configure:4425: g++ --version >&5
g++ (Ubuntu 7.5.0-3ubuntu1~18.04) 7.5.0
Copyright (C) 2017 Free Software Foundation, Inc.
This is free software; see the source for copying conditions.  There is NO
warranty; not even for MERCHANTABILITY or FITNESS FOR A PARTICULAR PURPOSE.

configure:4436: $? = 0
configure:4425: g++ -v >&5
Using built-in specs.
COLLECT_GCC=g++
COLLECT_LTO_WRAPPER=/usr/lib/gcc/x86_64-linux-gnu/7/lto-wrapper
OFFLOAD_TARGET_NAMES=nvptx-none
OFFLOAD_TARGET_DEFAULT=1
Target: x86_64-linux-gnu
Configured with: ../src/configure -v --with-pkgversion='Ubuntu 7.5.0-3ubuntu1~18.04' --with-bugurl=file:///usr/share/doc/gcc-7/README.Bugs --enable-languages=c,ada,c++,go,brig,d,fortran,objc,obj-c++ --prefix=/usr --with-gcc-major-version-only --program-suffix=-7 --program-prefix=x86_64-linux-gnu- --enable-shared --enable-linker-build-id --libexecdir=/usr/lib --without-included-gettext --enable-threads=posix --libdir=/usr/lib --enable-nls --enable-bootstrap --enable-clocale=gnu --enable-libstdcxx-debug --enable-libstdcxx-time=yes --with-default-libstdcxx-abi=new --enable-gnu-unique-object --disable-vtable-verify --enable-libmpx --enable-plugin --enable-default-pie --with-system-zlib --with-target-system-zlib --enable-objc-gc=auto --enable-multiarch --disable-werror --with-arch-32=i686 --with-abi=m64 --with-multilib-list=m32,m64,mx32 --enable-multilib --with-tune=generic --enable-offload-targets=nvptx-none --without-cuda-driver --enable-checking=release --build=x86_64-linux-gnu --host=x86_64-linux-gnu --target=x86_64-linux-gnu
Thread model: posix
gcc version 7.5.0 (Ubuntu 7.5.0-3ubuntu1~18.04) 
configure:4436: $? = 0
configure:4425: g++ -V >&5
g++: error: unrecognized command line option '-V'
g++: fatal error: no input files
compilation terminated.
configure:4436: $? = 1
configure:4425: g++ -qversion >&5
g++: error: unrecognized command line option '-qversion'; did you mean '--version'?
g++: fatal error: no input files
compilation terminated.
configure:4436: $? = 1
configure:4440: checking whether we are using the GNU C++ compiler
configure:4459: g++ -c   conftest.cpp >&5
configure:4459: $? = 0
configure:4468: result: yes
configure:4477: checking whether g++ accepts -g
configure:4497: g++ -c -g  conftest.cpp >&5
configure:4497: $? = 0
configure:4538: result: yes
configure:4563: checking dependency style of g++
configure:4674: result: gcc3
configure:4735: checking how to print strings
configure:4762: result: printf
configure:4783: checking for a sed that does not truncate output
configure:4847: result: /bin/sed
configure:4865: checking for grep that handles long lines and -e
configure:4923: result: /bin/grep
configure:4928: checking for egrep
configure:4990: result: /bin/grep -E
configure:4995: checking for fgrep
configure:5057: result: /bin/grep -F
configure:5092: checking for ld used by gcc
configure:5159: result: /usr/bin/ld
configure:5166: checking if the linker (/usr/bin/ld) is GNU ld
configure:5181: result: yes
configure:5193: checking for BSD- or MS-compatible name lister (nm)
configure:5242: result: /usr/bin/nm -B
configure:5372: checking the name lister (/usr/bin/nm -B) interface
configure:5379: gcc -c -g -O2  conftest.c >&5
configure:5382: /usr/bin/nm -B "conftest.o"
configure:5385: output
0000000000000000 B some_variable
configure:5392: result: BSD nm
configure:5395: checking whether ln -s works
configure:5399: result: yes
configure:5407: checking the maximum length of command line arguments
configure:5537: result: 1572864
configure:5554: checking whether the shell understands some XSI constructs
configure:5564: result: yes
configure:5568: checking whether the shell understands "+="
configure:5574: result: yes
configure:5609: checking how to convert x86_64-unknown-linux-gnu file names to x86_64-unknown-linux-gnu format
configure:5649: result: func_convert_file_noop
configure:5656: checking how to convert x86_64-unknown-linux-gnu file names to toolchain format
configure:5676: result: func_convert_file_noop
configure:5683: checking for /usr/bin/ld option to reload object files
configure:5690: result: -r
configure:5764: checking for objdump
configure:5780: found /usr/bin/objdump
configure:5791: result: objdump
configure:5823: checking how to recognize dependent libraries
configure:6025: result: pass_all
configure:6110: checking for dlltool
configure:6140: result: no
configure:6170: checking how to associate runtime and link libraries
configure:6197: result: printf %s\n
configure:6258: checking for ar
configure:6274: found /usr/bin/ar
configure:6285: result: ar
configure:6322: checking for archiver @FILE support
configure:6339: gcc -c -g -O2  conftest.c >&5
configure:6339: $? = 0
configure:6342: ar cru libconftest.a @conftest.lst >&5
ar: `u' modifier ignored since `D' is the default (see `U')
configure:6345: $? = 0
configure:6350: ar cru libconftest.a @conftest.lst >&5
ar: `u' modifier ignored since `D' is the default (see `U')
ar: conftest.o: No such file or directory
configure:6353: $? = 1
configure:6365: result: @
configure:6423: checking for strip
configure:6439: found /usr/bin/strip
configure:6450: result: strip
configure:6522: checking for ranlib
configure:6538: found /usr/bin/ranlib
configure:6549: result: ranlib
configure:6651: checking command to parse /usr/bin/nm -B output from gcc object
configure:6771: gcc -c -g -O2  conftest.c >&5
configure:6774: $? = 0
configure:6778: /usr/bin/nm -B conftest.o \| sed -n -e 's/^.*[ ]\([ABCDGIRSTW][ABCDGIRSTW]*\)[ ][ ]*\([_A-Za-z][_A-Za-z0-9]*\)$/\1 \2 \2/p' | sed '/ __gnu_lto/d' \> conftest.nm
configure:6781: $? = 0
configure:6847: gcc -o conftest -g -O2   conftest.c conftstm.o >&5
configure:6850: $? = 0
configure:6888: result: ok
configure:6925: checking for sysroot
configure:6955: result: no
configure:7032: gcc -c -g -O2  conftest.c >&5
configure:7035: $? = 0
configure:7217: checking for mt
configure:7233: found /bin/mt
configure:7244: result: mt
configure:7267: checking if mt is a manifest tool
configure:7273: mt '-?'
configure:7281: result: no
configure:7919: checking for ANSI C header files
configure:7939: gcc -c -g -O2  conftest.c >&5
configure:7939: $? = 0
configure:8012: gcc -o conftest -g -O2   conftest.c  >&5
configure:8012: $? = 0
configure:8012: ./conftest
configure:8012: $? = 0
configure:8023: result: yes
configure:8036: checking for sys/types.h
configure:8036: gcc -c -g -O2  conftest.c >&5
configure:8036: $? = 0
configure:8036: result: yes
configure:8036: checking for sys/stat.h
configure:8036: gcc -c -g -O2  conftest.c >&5
configure:8036: $? = 0
configure:8036: result: yes
configure:8036: checking for stdlib.h
configure:8036: gcc -c -g -O2  conftest.c >&5
configure:8036: $? = 0
configure:8036: result: yes
configure:8036: checking for string.h
configure:8036: gcc -c -g -O2  conftest.c >&5
configure:8036: $? = 0
configure:8036: result: yes
configure:8036: checking for memory.h
configure:8036: gcc -c -g -O2  conftest.c >&5
configure:8036: $? = 0
configure:8036: result: yes
configure:8036: checking for strings.h
configure:8036: gcc -c -g -O2  conftest.c >&5
configure:8036: $? = 0
configure:8036: result: yes
configure:8036: checking for inttypes.h
configure:8036: gcc -c -g -O2  conftest.c >&5
configure:8036: $? = 0
configure:8036: result: yes
configure:8036: checking for stdint.h
configure:8036: gcc -c -g -O2  conftest.c >&5
configure:8036: $? = 0
configure:8036: result: yes
configure:8036: checking for unistd.h
configure:8036: gcc -c -g -O2  conftest.c >&5
configure:8036: $? = 0
configure:8036: result: yes
configure:8050: checking for dlfcn.h
configure:8050: gcc -c -g -O2  conftest.c >&5
configure:8050: $? = 0
configure:8050: result: yes
configure:8267: checking for objdir
configure:8282: result: .libs
configure:8553: checking if gcc supports -fno-rtti -fno-exceptions
configure:8571: gcc -c -g -O2  -fno-rtti -fno-exceptions conftest.c >&5
cc1: warning: command line option '-fno-rtti' is valid for C++/ObjC++ but not for C
configure:8575: $? = 0
configure:8588: result: no
configure:8915: checking for gcc option to produce PIC
configure:8922: result: -fPIC -DPIC
configure:8930: checking if gcc PIC flag -fPIC -DPIC works
configure:8948: gcc -c -g -O2  -fPIC -DPIC -DPIC conftest.c >&5
configure:8952: $? = 0
configure:8965: result: yes
configure:8994: checking if gcc static flag -static works
configure:9022: result: yes
configure:9037: checking if gcc supports -c -o file.o
configure:9058: gcc -c -g -O2  -o out/conftest2.o conftest.c >&5
configure:9062: $? = 0
configure:9084: result: yes
configure:9092: checking if gcc supports -c -o file.o
configure:9139: result: yes
configure:9172: checking whether the gcc linker (/usr/bin/ld -m elf_x86_64) supports shared libraries
configure:10325: result: yes
configure:10362: checking whether -lc should be explicitly linked in
configure:10370: gcc -c -g -O2  conftest.c >&5
configure:10373: $? = 0
configure:10388: gcc -shared  -fPIC -DPIC conftest.o  -v -Wl,-soname -Wl,conftest -o conftest 2\>\&1 \| /bin/grep  -lc  \>/dev/null 2\>\&1
configure:10391: $? = 0
configure:10405: result: no
configure:10565: checking dynamic linker characteristics
configure:11076: gcc -o conftest -g -O2   -Wl,-rpath -Wl,/foo conftest.c  >&5
configure:11076: $? = 0
configure:11302: result: GNU/Linux ld.so
configure:11409: checking how to hardcode library paths into programs
configure:11434: result: immediate
configure:11974: checking whether stripping libraries is possible
configure:11979: result: yes
configure:12014: checking if libtool supports shared libraries
configure:12016: result: yes
configure:12019: checking whether to build shared libraries
configure:12040: result: yes
configure:12043: checking whether to build static libraries
configure:12047: result: yes
configure:12070: checking how to run the C++ preprocessor
configure:12097: g++ -E  conftest.cpp
configure:12097: $? = 0
configure:12111: g++ -E  conftest.cpp
conftest.cpp:26:10: fatal error: ac_nonexistent.h: No such file or directory
 #include <ac_nonexistent.h>
          ^~~~~~~~~~~~~~~~~~
compilation terminated.
configure:12111: $? = 1
configure: failed program was:
| /* confdefs.h */
| #define PACKAGE_NAME "GeographicLib"
| #define PACKAGE_TARNAME "geographiclib"
| #define PACKAGE_VERSION "1.44"
| #define PACKAGE_STRING "GeographicLib 1.44"
| #define PACKAGE_BUGREPORT "charles@karney.com"
| #define PACKAGE_URL ""
| #define PACKAGE "geographiclib"
| #define VERSION "1.44"
| #define GEOGRAPHICLIB_VERSION_MAJOR 1
| #define GEOGRAPHICLIB_VERSION_MINOR 44
| #define GEOGRAPHICLIB_VERSION_PATCH 0
| #define STDC_HEADERS 1
| #define HAVE_SYS_TYPES_H 1
| #define HAVE_SYS_STAT_H 1
| #define HAVE_STDLIB_H 1
| #define HAVE_STRING_H 1
| #define HAVE_MEMORY_H 1
| #define HAVE_STRINGS_H 1
| #define HAVE_INTTYPES_H 1
| #define HAVE_STDINT_H 1
| #define HAVE_UNISTD_H 1
| #define HAVE_DLFCN_H 1
| #define LT_OBJDIR ".libs/"
| /* end confdefs.h.  */
| #include <ac_nonexistent.h>
configure:12136: result: g++ -E
configure:12156: g++ -E  conftest.cpp
configure:12156: $? = 0
configure:12170: g++ -E  conftest.cpp
conftest.cpp:26:10: fatal error: ac_nonexistent.h: No such file or directory
 #include <ac_nonexistent.h>
          ^~~~~~~~~~~~~~~~~~
compilation terminated.
configure:12170: $? = 1
configure: failed program was:
| /* confdefs.h */
| #define PACKAGE_NAME "GeographicLib"
| #define PACKAGE_TARNAME "geographiclib"
| #define PACKAGE_VERSION "1.44"
| #define PACKAGE_STRING "GeographicLib 1.44"
| #define PACKAGE_BUGREPORT "charles@karney.com"
| #define PACKAGE_URL ""
| #define PACKAGE "geographiclib"
| #define VERSION "1.44"
| #define GEOGRAPHICLIB_VERSION_MAJOR 1
| #define GEOGRAPHICLIB_VERSION_MINOR 44
| #define GEOGRAPHICLIB_VERSION_PATCH 0
| #define STDC_HEADERS 1
| #define HAVE_SYS_TYPES_H 1
| #define HAVE_SYS_STAT_H 1
| #define HAVE_STDLIB_H 1
| #define HAVE_STRING_H 1
| #define HAVE_MEMORY_H 1
| #define HAVE_STRINGS_H 1
| #define HAVE_INTTYPES_H 1
| #define HAVE_STDINT_H 1
| #define HAVE_UNISTD_H 1
| #define HAVE_DLFCN_H 1
| #define LT_OBJDIR ".libs/"
| /* end confdefs.h.  */
| #include <ac_nonexistent.h>
configure:12339: checking for ld used by g++
configure:12406: result: /usr/bin/ld -m elf_x86_64
configure:12413: checking if the linker (/usr/bin/ld -m elf_x86_64) is GNU ld
configure:12428: result: yes
configure:12483: checking whether the g++ linker (/usr/bin/ld -m elf_x86_64) supports shared libraries
configure:13488: result: yes
configure:13524: g++ -c -g -O2  conftest.cpp >&5
configure:13527: $? = 0
configure:14047: checking for g++ option to produce PIC
configure:14054: result: -fPIC -DPIC
configure:14062: checking if g++ PIC flag -fPIC -DPIC works
configure:14080: g++ -c -g -O2  -fPIC -DPIC -DPIC conftest.cpp >&5
configure:14084: $? = 0
configure:14097: result: yes
configure:14120: checking if g++ static flag -static works
configure:14148: result: yes
configure:14160: checking if g++ supports -c -o file.o
configure:14181: g++ -c -g -O2  -o out/conftest2.o conftest.cpp >&5
configure:14185: $? = 0
configure:14207: result: yes
configure:14212: checking if g++ supports -c -o file.o
configure:14259: result: yes
configure:14289: checking whether the g++ linker (/usr/bin/ld -m elf_x86_64) supports shared libraries
configure:14325: result: yes
configure:14466: checking dynamic linker characteristics
configure:15137: result: GNU/Linux ld.so
configure:15190: checking how to hardcode library paths into programs
configure:15215: result: immediate
configure:15285: checking for long double
configure:15318: result: yes
configure:15328: checking whether byte ordering is bigendian
configure:15343: g++ -c -g -O2  conftest.cpp >&5
conftest.cpp:28:9: error: expected unqualified-id before 'not' token
         not a universal capable compiler
         ^~~
configure:15343: $? = 1
configure: failed program was:
| /* confdefs.h */
| #define PACKAGE_NAME "GeographicLib"
| #define PACKAGE_TARNAME "geographiclib"
| #define PACKAGE_VERSION "1.44"
| #define PACKAGE_STRING "GeographicLib 1.44"
| #define PACKAGE_BUGREPORT "charles@karney.com"
| #define PACKAGE_URL ""
| #define PACKAGE "geographiclib"
| #define VERSION "1.44"
| #define GEOGRAPHICLIB_VERSION_MAJOR 1
| #define GEOGRAPHICLIB_VERSION_MINOR 44
| #define GEOGRAPHICLIB_VERSION_PATCH 0
| #define STDC_HEADERS 1
| #define HAVE_SYS_TYPES_H 1
| #define HAVE_SYS_STAT_H 1
| #define HAVE_STDLIB_H 1
| #define HAVE_STRING_H 1
| #define HAVE_MEMORY_H 1
| #define HAVE_STRINGS_H 1
| #define HAVE_INTTYPES_H 1
| #define HAVE_STDINT_H 1
| #define HAVE_UNISTD_H 1
| #define HAVE_DLFCN_H 1
| #define LT_OBJDIR ".libs/"
| #define HAVE_LONG_DOUBLE 1
| /* end confdefs.h.  */
| #ifndef __APPLE_CC__
| 	       not a universal capable compiler
| 	     #endif
| 	     typedef int dummy;
| 
configure:15388: g++ -c -g -O2  conftest.cpp >&5
configure:15388: $? = 0
configure:15406: g++ -c -g -O2  conftest.cpp >&5
conftest.cpp: In function 'int main()':
conftest.cpp:34:8: error: 'big' was not declared in this scope
    not big endian
        ^~~
configure:15406: $? = 1
configure: failed program was:
| /* confdefs.h */
| #define PACKAGE_NAME "GeographicLib"
| #define PACKAGE_TARNAME "geographiclib"
| #define PACKAGE_VERSION "1.44"
| #define PACKAGE_STRING "GeographicLib 1.44"
| #define PACKAGE_BUGREPORT "charles@karney.com"
| #define PACKAGE_URL ""
| #define PACKAGE "geographiclib"
| #define VERSION "1.44"
| #define GEOGRAPHICLIB_VERSION_MAJOR 1
| #define GEOGRAPHICLIB_VERSION_MINOR 44
| #define GEOGRAPHICLIB_VERSION_PATCH 0
| #define STDC_HEADERS 1
| #define HAVE_SYS_TYPES_H 1
| #define HAVE_SYS_STAT_H 1
| #define HAVE_STDLIB_H 1
| #define HAVE_STRING_H 1
| #define HAVE_MEMORY_H 1
| #define HAVE_STRINGS_H 1
| #define HAVE_INTTYPES_H 1
| #define HAVE_STDINT_H 1
| #define HAVE_UNISTD_H 1
| #define HAVE_DLFCN_H 1
| #define LT_OBJDIR ".libs/"
| #define HAVE_LONG_DOUBLE 1
| /* end confdefs.h.  */
| #include <sys/types.h>
| 		#include <sys/param.h>
| 
| int
| main ()
| {
| #if BYTE_ORDER != BIG_ENDIAN
| 		 not big endian
| 		#endif
| 
|   ;
|   return 0;
| }
configure:15534: result: no
configure:15554: checking whether C++ compiler accepts -std=c++11
configure:15573: g++ -c -g -O2  -std=c++11  conftest.cpp >&5
configure:15573: $? = 0
configure:15581: result: yes
configure:15640: g++ -c -g -O2 -std=c++11  conftest.cpp >&5
conftest.cpp: In function 'int main()':
conftest.cpp:34:73: error: 'q' was not declared in this scope
                     std::fma(1.0, 2.0, 3.0) + std::remquo(100.0, 90.0, &q) +
                                                                         ^
configure:15640: $? = 1
configure: failed program was:
| /* confdefs.h */
| #define PACKAGE_NAME "GeographicLib"
| #define PACKAGE_TARNAME "geographiclib"
| #define PACKAGE_VERSION "1.44"
| #define PACKAGE_STRING "GeographicLib 1.44"
| #define PACKAGE_BUGREPORT "charles@karney.com"
| #define PACKAGE_URL ""
| #define PACKAGE "geographiclib"
| #define VERSION "1.44"
| #define GEOGRAPHICLIB_VERSION_MAJOR 1
| #define GEOGRAPHICLIB_VERSION_MINOR 44
| #define GEOGRAPHICLIB_VERSION_PATCH 0
| #define STDC_HEADERS 1
| #define HAVE_SYS_TYPES_H 1
| #define HAVE_SYS_STAT_H 1
| #define HAVE_STDLIB_H 1
| #define HAVE_STRING_H 1
| #define HAVE_MEMORY_H 1
| #define HAVE_STRINGS_H 1
| #define HAVE_INTTYPES_H 1
| #define HAVE_STDINT_H 1
| #define HAVE_UNISTD_H 1
| #define HAVE_DLFCN_H 1
| #define LT_OBJDIR ".libs/"
| #define HAVE_LONG_DOUBLE 1
| /* end confdefs.h.  */
| #include <cmath>
| int
| main ()
| {
| return int(std::hypot(3.0, 4.0) + std::expm1(0.5) +
|                     std::log1p(2.0) + std::asinh(10.0) +
|                     std::atanh(0.8) + std::cbrt(8.0) +
|                     std::fma(1.0, 2.0, 3.0) + std::remquo(100.0, 90.0, &q) +
|                     std::remainder(100.0, 90.0)) +
|                     std::isfinite(4.0) + std::isnan(0.0);
|   ;
|   return 0;
| }
configure:15652: checking for doxygen
configure:15668: found /usr/local/bin/doxygen
configure:15679: result: doxygen
configure:15704: checking for pod2man
configure:15720: found /usr/bin/pod2man
configure:15731: result: pod2man
configure:15746: checking for pod2html
configure:15762: found /usr/bin/pod2html
configure:15773: result: pod2html
configure:15788: checking for col
configure:15804: found /usr/bin/col
configure:15815: result: col
configure:15946: checking that generated files are newer than configure
configure:15952: result: done
configure:15992: creating ./config.status

## ---------------------- ##
## Running config.status. ##
## ---------------------- ##

This file was extended by GeographicLib config.status 1.44, which was
generated by GNU Autoconf 2.69.  Invocation command line was

  CONFIG_FILES    = 
  CONFIG_HEADERS  = 
  CONFIG_LINKS    = 
  CONFIG_COMMANDS = 
  $ ./config.status 

on ubuntu

config.status:1177: creating Makefile
config.status:1177: creating src/Makefile
config.status:1177: creating include/Makefile
config.status:1177: creating tools/Makefile
config.status:1177: creating doc/Makefile
config.status:1177: creating man/Makefile
config.status:1177: creating matlab/Makefile
config.status:1177: creating python/Makefile
config.status:1177: creating cmake/Makefile
config.status:1177: creating examples/Makefile
config.status:1177: creating include/GeographicLib/Config-ac.h
config.status:1406: executing depfiles commands
config.status:1406: executing libtool commands

## ---------------- ##
## Cache variables. ##
## ---------------- ##

ac_cv_build=x86_64-unknown-linux-gnu
ac_cv_c_bigendian=no
ac_cv_c_compiler_gnu=yes
ac_cv_cxx_compiler_gnu=yes
ac_cv_env_CCC_set=
ac_cv_env_CCC_value=
ac_cv_env_CC_set=
ac_cv_env_CC_value=
ac_cv_env_CFLAGS_set=
ac_cv_env_CFLAGS_value=
ac_cv_env_CPPFLAGS_set=
ac_cv_env_CPPFLAGS_value=
ac_cv_env_CPP_set=
ac_cv_env_CPP_value=
ac_cv_env_CXXCPP_set=
ac_cv_env_CXXCPP_value=
ac_cv_env_CXXFLAGS_set=
ac_cv_env_CXXFLAGS_value=
ac_cv_env_CXX_set=
ac_cv_env_CXX_value=
ac_cv_env_LDFLAGS_set=
ac_cv_env_LDFLAGS_value=
ac_cv_env_LIBS_set=
ac_cv_env_LIBS_value=
ac_cv_env_build_alias_set=
ac_cv_env_build_alias_value=
ac_cv_env_host_alias_set=
ac_cv_env_host_alias_value=
ac_cv_env_target_alias_set=
ac_cv_env_target_alias_value=
ac_cv_header_dlfcn_h=yes
ac_cv_header_inttypes_h=yes
ac_cv_header_memory_h=yes
ac_cv_header_stdc=yes
ac_cv_header_stdint_h=yes
ac_cv_header_stdlib_h=yes
ac_cv_header_string_h=yes
ac_cv_header_strings_h=yes
ac_cv_header_sys_stat_h=yes
ac_cv_header_sys_types_h=yes
ac_cv_header_unistd_h=yes
ac_cv_host=x86_64-unknown-linux-gnu
ac_cv_objext=o
ac_cv_path_EGREP='/bin/grep -E'
ac_cv_path_FGREP='/bin/grep -F'
ac_cv_path_GREP=/bin/grep
ac_cv_path_SED=/bin/sed
ac_cv_path_install='/usr/bin/install -c'
ac_cv_path_mkdir=/bin/mkdir
ac_cv_prog_AWK=mawk
ac_cv_prog_COL=col
ac_cv_prog_CPP='gcc -E'
ac_cv_prog_CXXCPP='g++ -E'
ac_cv_prog_DOXYGEN=doxygen
ac_cv_prog_POD2HTML=pod2html
ac_cv_prog_POD2MAN=pod2man
ac_cv_prog_ac_ct_AR=ar
ac_cv_prog_ac_ct_CC=gcc
ac_cv_prog_ac_ct_CXX=g++
ac_cv_prog_ac_ct_MANIFEST_TOOL=mt
ac_cv_prog_ac_ct_OBJDUMP=objdump
ac_cv_prog_ac_ct_RANLIB=ranlib
ac_cv_prog_ac_ct_STRIP=strip
ac_cv_prog_cc_c89=
ac_cv_prog_cc_g=yes
ac_cv_prog_cxx_g=yes
ac_cv_prog_make_make_set=yes
ac_cv_target=x86_64-unknown-linux-gnu
ac_cv_type_long_double=yes
am_cv_CC_dependencies_compiler_type=gcc3
am_cv_CXX_dependencies_compiler_type=gcc3
am_cv_make_support_nested_variables=yes
am_cv_prog_cc_c_o=yes
ax_cv_check_cxxflags___std_cpp11=yes
lt_cv_ar_at_file=@
lt_cv_archive_cmds_need_lc=no
lt_cv_deplibs_check_method=pass_all
lt_cv_file_magic_cmd='$MAGIC_CMD'
lt_cv_file_magic_test_file=
lt_cv_ld_reload_flag=-r
lt_cv_nm_interface='BSD nm'
lt_cv_objdir=.libs
lt_cv_path_LD=/usr/bin/ld
lt_cv_path_LDCXX='/usr/bin/ld -m elf_x86_64'
lt_cv_path_NM='/usr/bin/nm -B'
lt_cv_path_mainfest_tool=no
lt_cv_prog_compiler_c_o=yes
lt_cv_prog_compiler_c_o_CXX=yes
lt_cv_prog_compiler_pic='-fPIC -DPIC'
lt_cv_prog_compiler_pic_CXX='-fPIC -DPIC'
lt_cv_prog_compiler_pic_works=yes
lt_cv_prog_compiler_pic_works_CXX=yes
lt_cv_prog_compiler_rtti_exceptions=no
lt_cv_prog_compiler_static_works=yes
lt_cv_prog_compiler_static_works_CXX=yes
lt_cv_prog_gnu_ld=yes
lt_cv_prog_gnu_ldcxx=yes
lt_cv_sharedlib_from_linklib_cmd='printf %s\n'
lt_cv_shlibpath_overrides_runpath=yes
lt_cv_sys_global_symbol_pipe='sed -n -e '\''s/^.*[	 ]\([ABCDGIRSTW][ABCDGIRSTW]*\)[	 ][	 ]*\([_A-Za-z][_A-Za-z0-9]*\)$/\1 \2 \2/p'\'' | sed '\''/ __gnu_lto/d'\'''
lt_cv_sys_global_symbol_to_c_name_address='sed -n -e '\''s/^: \([^ ]*\)[ ]*$/  {\"\1\", (void *) 0},/p'\'' -e '\''s/^[ABCDGIRSTW]* \([^ ]*\) \([^ ]*\)$/  {"\2", (void *) \&\2},/p'\'''
lt_cv_sys_global_symbol_to_c_name_address_lib_prefix='sed -n -e '\''s/^: \([^ ]*\)[ ]*$/  {\"\1\", (void *) 0},/p'\'' -e '\''s/^[ABCDGIRSTW]* \([^ ]*\) \(lib[^ ]*\)$/  {"\2", (void *) \&\2},/p'\'' -e '\''s/^[ABCDGIRSTW]* \([^ ]*\) \([^ ]*\)$/  {"lib\2", (void *) \&\2},/p'\'''
lt_cv_sys_global_symbol_to_cdecl='sed -n -e '\''s/^T .* \(.*\)$/extern int \1();/p'\'' -e '\''s/^[ABCDGIRSTW]* .* \(.*\)$/extern char \1;/p'\'''
lt_cv_sys_max_cmd_len=1572864
lt_cv_to_host_file_cmd=func_convert_file_noop
lt_cv_to_tool_file_cmd=func_convert_file_noop

## ----------------- ##
## Output variables. ##
## ----------------- ##

ACLOCAL='${SHELL} /home/gglin-test/wifi_SLAM/src/exlib/GeographicLib-1.44/missing aclocal-1.14'
AMDEPBACKSLASH='\'
AMDEP_FALSE='#'
AMDEP_TRUE=''
AMTAR='$${TAR-tar}'
AM_BACKSLASH='\'
AM_DEFAULT_V='$(AM_DEFAULT_VERBOSITY)'
AM_DEFAULT_VERBOSITY='1'
AM_V='$(V)'
AR='ar'
AUTOCONF='${SHELL} /home/gglin-test/wifi_SLAM/src/exlib/GeographicLib-1.44/missing autoconf'
AUTOHEADER='${SHELL} /home/gglin-test/wifi_SLAM/src/exlib/GeographicLib-1.44/missing autoheader'
AUTOMAKE='${SHELL} /home/gglin-test/wifi_SLAM/src/exlib/GeographicLib-1.44/missing automake-1.14'
AWK='mawk'
CC='gcc'
CCDEPMODE='depmode=gcc3'
CFLAGS='-g -O2'
COL='col'
CPP='gcc -E'
CPPFLAGS=''
CXX='g++'
CXXCPP='g++ -E'
CXXDEPMODE='depmode=gcc3'
CXXFLAGS='-g -O2 -std=c++11 -DGEOGRAPHICLIB_CXX11_MATH=0'
CYGPATH_W='echo'
DEFS='-DHAVE_CONFIG_H'
DEPDIR='.deps'
DLLTOOL='false'
DOXYGEN='doxygen'
DSYMUTIL=''
DUMPBIN=''
ECHO_C=''
ECHO_N='-n'
ECHO_T=''
EGREP='/bin/grep -E'
EXEEXT=''
FGREP='/bin/grep -F'
GEOGRAPHICLIB_VERSION_MAJOR='1'
GEOGRAPHICLIB_VERSION_MINOR='44'
GEOGRAPHICLIB_VERSION_PATCH='0'
GREP='/bin/grep'
HAVE_DOXYGEN_FALSE='#'
HAVE_DOXYGEN_TRUE=''
HAVE_PODPROGS_FALSE='#'
HAVE_PODPROGS_TRUE=''
INSTALL_DATA='${INSTALL} -m 644'
INSTALL_PROGRAM='${INSTALL}'
INSTALL_SCRIPT='${INSTALL}'
INSTALL_STRIP_PROGRAM='$(install_sh) -c -s'
LD='/usr/bin/ld -m elf_x86_64'
LDFLAGS=''
LIBOBJS=''
LIBS=''
LIBTOOL='$(SHELL) $(top_builddir)/libtool'
LIPO=''
LN_S='ln -s'
LTLIBOBJS=''
LT_AGE='2'
LT_CURRENT='16'
LT_REVISION='0'
MAINT='#'
MAINTAINER_MODE_FALSE=''
MAINTAINER_MODE_TRUE='#'
MAKEINFO='${SHELL} /home/gglin-test/wifi_SLAM/src/exlib/GeographicLib-1.44/missing makeinfo'
MANIFEST_TOOL=':'
MKDIR_P='/bin/mkdir -p'
NM='/usr/bin/nm -B'
NMEDIT=''
OBJDUMP='objdump'
OBJEXT='o'
OTOOL64=''
OTOOL=''
PACKAGE='geographiclib'
PACKAGE_BUGREPORT='charles@karney.com'
PACKAGE_NAME='GeographicLib'
PACKAGE_STRING='GeographicLib 1.44'
PACKAGE_TARNAME='geographiclib'
PACKAGE_URL=''
PACKAGE_VERSION='1.44'
PATH_SEPARATOR=':'
POD2HTML='pod2html'
POD2MAN='pod2man'
RANLIB='ranlib'
SED='/bin/sed'
SET_MAKE=''
SHELL='/bin/bash'
STRIP='strip'
VERSION='1.44'
ac_ct_AR='ar'
ac_ct_CC='gcc'
ac_ct_CXX='g++'
ac_ct_DUMPBIN=''
am__EXEEXT_FALSE=''
am__EXEEXT_TRUE='#'
am__fastdepCC_FALSE='#'
am__fastdepCC_TRUE=''
am__fastdepCXX_FALSE='#'
am__fastdepCXX_TRUE=''
am__include='include'
am__isrc=''
am__leading_dot='.'
am__nodep='_no'
am__quote=''
am__tar='$${TAR-tar} chof - "$$tardir"'
am__untar='$${TAR-tar} xf -'
bindir='${exec_prefix}/bin'
build='x86_64-unknown-linux-gnu'
build_alias=''
build_cpu='x86_64'
build_os='linux-gnu'
build_vendor='unknown'
datadir='${datarootdir}'
datarootdir='${prefix}/share'
docdir='${datarootdir}/doc/${PACKAGE_TARNAME}'
dvidir='${docdir}'
exec_prefix='${prefix}'
host='x86_64-unknown-linux-gnu'
host_alias=''
host_cpu='x86_64'
host_os='linux-gnu'
host_vendor='unknown'
htmldir='${docdir}'
includedir='${prefix}/include'
infodir='${datarootdir}/info'
install_sh='${SHELL} /home/gglin-test/wifi_SLAM/src/exlib/GeographicLib-1.44/install-sh'
libdir='${exec_prefix}/lib'
libexecdir='${exec_prefix}/libexec'
localedir='${datarootdir}/locale'
localstatedir='${prefix}/var'
mandir='${datarootdir}/man'
mkdir_p='$(MKDIR_P)'
oldincludedir='/usr/include'
pdfdir='${docdir}'
prefix='/usr/local'
program_transform_name='s,x,x,'
psdir='${docdir}'
sbindir='${exec_prefix}/sbin'
sharedstatedir='${prefix}/com'
sysconfdir='${prefix}/etc'
target='x86_64-unknown-linux-gnu'
target_alias=''
target_cpu='x86_64'
target_os='linux-gnu'
target_vendor='unknown'

## ----------- ##
## confdefs.h. ##
## ----------- ##

/* confdefs.h */
#define PACKAGE_NAME "GeographicLib"
#define PACKAGE_TARNAME "geographiclib"
#define PACKAGE_VERSION "1.44"
#define PACKAGE_STRING "GeographicLib 1.44"
#define PACKAGE_BUGREPORT "charles@karney.com"
#define PACKAGE_URL ""
#define PACKAGE "geographiclib"
#define VERSION "1.44"
#define GEOGRAPHICLIB_VERSION_MAJOR 1
#define GEOGRAPHICLIB_VERSION_MINOR 44
#define GEOGRAPHICLIB_VERSION_PATCH 0
#define STDC_HEADERS 1
#define HAVE_SYS_TYPES_H 1
#define HAVE_SYS_STAT_H 1
#define HAVE_STDLIB_H 1
#define HAVE_STRING_H 1
#define HAVE_MEMORY_H 1
#define HAVE_STRINGS_H 1
#define HAVE_INTTYPES_H 1
#define HAVE_STDINT_H 1
#define HAVE_UNISTD_H 1
#define HAVE_DLFCN_H 1
#define LT_OBJDIR ".libs/"
#define HAVE_LONG_DOUBLE 1

configure: exit 0
